#
# There is insufficient memory for the Java Runtime Environment to continue.
# Native memory allocation (mmap) failed to map 132120576 bytes for Failed to commit area from 0x0000000083e00000 to 0x000000008bc00000 of length 132120576.
# Possible reasons:
#   The system is out of physical RAM or swap space
#   The process is running with CompressedOops enabled, and the Java Heap may be blocking the growth of the native heap
# Possible solutions:
#   Reduce memory load on the system
#   Increase physical memory or swap space
#   Check if swap backing store is full
#   Decrease Java heap size (-Xmx/-Xms)
#   Decrease number of Java threads
#   Decrease Java thread stack sizes (-Xss)
#   Set larger code cache with -XX:ReservedCodeCacheSize=
# This output file may be truncated or incomplete.
#
#  Out of Memory Error (./src/hotspot/os/windows/os_windows.cpp:3521), pid=10800, tid=5536
#
# JRE version:  (11.0.12+7) (build )
# Java VM: OpenJDK 64-Bit Server VM (11.0.12+7-b1504.28-7817840, mixed mode, sharing, tiered, compressed oops, g1 gc, windows-amd64)
# No core dump will be written. Minidumps are not enabled by default on client versions of Windows
#

---------------  S U M M A R Y ------------

Command Line: org.jetbrains.kotlin.cli.jvm.K2JVMCompiler @C:\Comm Android V2\app\build\20220702_11416563810482603653.compiler.options

Host: Intel(R) Core(TM) i5-10505 CPU @ 3.20GHz, 12 cores, 7G,  Windows 10 , 64 bit Build 19041 (10.0.19041.1741)
Time: Sat Jul  2 22:51:03 2022 ¥Î«—πŒ±π «•¡ÿΩ√ elapsed time: 0.007712 seconds (0d 0h 0m 0s)

---------------  T H R E A D  ---------------

Current thread (0x0000024279af8000):  JavaThread "Unknown thread" [_thread_in_vm, id=5536, stack(0x000000adf9600000,0x000000adf9700000)]

Stack: [0x000000adf9600000,0x000000adf9700000]
Native frames: (J=compiled Java code, j=interpreted, Vv=VM code, C=native code)
V  [jvm.dll+0x5fbcea]
V  [jvm.dll+0x731905]
V  [jvm.dll+0x732f1d]
V  [jvm.dll+0x7335d3]
V  [jvm.dll+0x247bf8]
V  [jvm.dll+0x5f90b4]
V  [jvm.dll+0x5edc85]
V  [jvm.dll+0x305aeb]
V  [jvm.dll+0x305a5a]
V  [jvm.dll+0x305932]
V  [jvm.dll+0x30a896]
V  [jvm.dll+0x353803]
V  [jvm.dll+0x353f06]
V  [jvm.dll+0x353903]
V  [jvm.dll+0x2e0678]
V  [jvm.dll+0x2e1827]
V  [jvm.dll+0x710037]
V  [jvm.dll+0x71182c]
V  [jvm.dll+0x360da9]
V  [jvm.dll+0x6f390e]
V  [jvm.dll+0x3c9723]
V  [jvm.dll+0x3cb9b1]
C  [jli.dll+0x536b]
C  [ucrtbase.dll+0x21bb2]
C  [KERNEL32.DLL+0x17034]
C  [ntdll.dll+0x52651]


---------------  P R O C E S S  ---------------

Threads class SMR info:
_java_thread_list=0x0000024277f82dd0, length=0, elements={
}

Java Threads: ( => current thread )

Other Threads:
  0x0000024279b0f800 GCTaskThread "GC Thread#0" [stack: 0x000000adf9700000,0x000000adf9800000] [id=12080]
  0x0000024279b3f800 ConcurrentGCThread "G1 Main Marker" [stack: 0x000000adf9800000,0x000000adf9900000] [id=11628]
  0x0000024279b42000 ConcurrentGCThread "G1 Conc#0" [stack: 0x000000adf9900000,0x000000adf9a00000] [id=15136]

[error occurred during error reporting (printing all threads), id 0xc0000005, EXCEPTION_ACCESS_VIOLATION (0xc0000005) at pc=0x00007ffd07f50be7]

VM state:not at safepoint (not fully initialized)

VM Mutex/Monitor currently owned by a thread:  ([mutex/lock_event])
[0x0000024279af5310] Heap_lock - owner thread: 0x0000024279af8000

Heap address: 0x0000000083e00000, size: 1986 MB, Compressed Oops mode: Non-zero based: 0x0000000083e00000
Narrow klass base: 0x0000000000000000, Narrow klass shift: 0

GC Heap History (0 events):
No events

Deoptimization events (0 events):
No events

Classes redefined (0 events):
No events

Internal exceptions (0 events):
No events

Events (1 events):
Event: 0.004 Loaded shared library C:\Program Files\Android\Android Studio\jre\bin\zip.dll


Dynamic libraries:
0x00007ff6e10d0000 - 0x00007ff6e10da000 	C:\Program Files\Android\Android Studio\jre\bin\java.exe
0x00007ffd5ce50000 - 0x00007ffd5d047000 	C:\Windows\SYSTEM32\ntdll.dll
0x00007ffd5c4d0000 - 0x00007ffd5c58d000 	C:\Windows\System32\KERNEL32.DLL
0x00007ffd5a8b0000 - 0x00007ffd5ab7d000 	C:\Windows\System32\KERNELBASE.dll
0x00007ffd5adb0000 - 0x00007ffd5aeb0000 	C:\Windows\System32\ucrtbase.dll
0x00007ffd51630000 - 0x00007ffd51649000 	C:\Program Files\Android\Android Studio\jre\bin\jli.dll
0x00007ffd516e0000 - 0x00007ffd516f7000 	C:\Program Files\Android\Android Studio\jre\bin\VCRUNTIME140.dll
0x00007ffd5c330000 - 0x00007ffd5c4d0000 	C:\Windows\System32\USER32.dll
0x00007ffd40d30000 - 0x00007ffd40fca000 	C:\Windows\WinSxS\amd64_microsoft.windows.common-controls_6595b64144ccf1df_6.0.19041.1110_none_60b5254171f9507e\COMCTL32.dll
0x00007ffd5a880000 - 0x00007ffd5a8a2000 	C:\Windows\System32\win32u.dll
0x00007ffd5b3c0000 - 0x00007ffd5b3ea000 	C:\Windows\System32\GDI32.dll
0x00007ffd5b650000 - 0x00007ffd5b6ee000 	C:\Windows\System32\msvcrt.dll
0x00007ffd5a630000 - 0x00007ffd5a73b000 	C:\Windows\System32\gdi32full.dll
0x00007ffd5ab80000 - 0x00007ffd5ac1d000 	C:\Windows\System32\msvcp_win.dll
0x00007ffd5c590000 - 0x00007ffd5c5c0000 	C:\Windows\System32\IMM32.DLL
0x00007ffd3c490000 - 0x00007ffd3c52d000 	C:\Program Files\Android\Android Studio\jre\bin\msvcp140.dll
0x00007ffd07c60000 - 0x00007ffd08745000 	C:\Program Files\Android\Android Studio\jre\bin\server\jvm.dll
0x00007ffd5b6f0000 - 0x00007ffd5b79e000 	C:\Windows\System32\ADVAPI32.dll
0x00007ffd5c290000 - 0x00007ffd5c32c000 	C:\Windows\System32\sechost.dll
0x00007ffd5c160000 - 0x00007ffd5c285000 	C:\Windows\System32\RPCRT4.dll
0x00007ffd5b7a0000 - 0x00007ffd5b7a8000 	C:\Windows\System32\PSAPI.DLL
0x00007ffd26100000 - 0x00007ffd26109000 	C:\Windows\SYSTEM32\WSOCK32.dll
0x00007ffd58570000 - 0x00007ffd5857a000 	C:\Windows\SYSTEM32\VERSION.dll
0x00007ffd5c090000 - 0x00007ffd5c0fb000 	C:\Windows\System32\WS2_32.dll
0x00007ffd42930000 - 0x00007ffd42957000 	C:\Windows\SYSTEM32\WINMM.dll
0x00007ffd58e50000 - 0x00007ffd58e62000 	C:\Windows\SYSTEM32\kernel.appcore.dll
0x00007ffd57880000 - 0x00007ffd57891000 	C:\Program Files\Android\Android Studio\jre\bin\verify.dll
0x00007ffd426e0000 - 0x00007ffd428c4000 	C:\Windows\SYSTEM32\DBGHELP.DLL
0x00007ffd42410000 - 0x00007ffd4243c000 	C:\Windows\SYSTEM32\dbgcore.DLL
0x00007ffd5a740000 - 0x00007ffd5a7c2000 	C:\Windows\System32\bcryptPrimitives.dll
0x00007ffd51920000 - 0x00007ffd51949000 	C:\Program Files\Android\Android Studio\jre\bin\java.dll
0x00007ffd55e80000 - 0x00007ffd55e8b000 	C:\Program Files\Android\Android Studio\jre\bin\jimage.dll
0x00007ffd51c40000 - 0x00007ffd51c58000 	C:\Program Files\Android\Android Studio\jre\bin\zip.dll

dbghelp: loaded successfully - version: 4.0.5 - missing functions: none
symbol engine: initialized successfully - sym options: 0x614 - pdb path: .;C:\Program Files\Android\Android Studio\jre\bin;C:\Windows\SYSTEM32;C:\Windows\WinSxS\amd64_microsoft.windows.common-controls_6595b64144ccf1df_6.0.19041.1110_none_60b5254171f9507e;C:\Program Files\Android\Android Studio\jre\bin\server

VM Arguments:
java_command: org.jetbrains.kotlin.cli.jvm.K2JVMCompiler @C:\Comm Android V2\app\build\20220702_11416563810482603653.compiler.options
java_class_path (initial): C:\Users\steph\.gradle\caches\modules-2\files-2.1\org.jetbrains.kotlin\kotlin-compiler-embeddable\1.6.10\88f2073f4020cdb83132cfe940ceb9a60aba54ea\kotlin-compiler-embeddable-1.6.10.jar;C:\Users\steph\.gradle\caches\modules-2\files-2.1\org.jetbrains.kotlin\kotlin-reflect\1.6.10\1cbe9c92c12a94eea200d23c2bbaedaf3daf5132\kotlin-reflect-1.6.10.jar;C:\Users\steph\.gradle\caches\modules-2\files-2.1\org.jetbrains.kotlin\kotlin-stdlib\1.6.10\b8af3fe6f1ca88526914929add63cf5e7c5049af\kotlin-stdlib-1.6.10.jar;C:\Users\steph\.gradle\caches\modules-2\files-2.1\org.jetbrains.kotlin\kotlin-script-runtime\1.6.10\d0a7ff2e2500ef497ed0214ae40ad3c8387a6164\kotlin-script-runtime-1.6.10.jar;C:\Users\steph\.gradle\caches\modules-2\files-2.1\org.jetbrains.kotlin\kotlin-daemon-embeddable\1.6.10\a56d79bcbea411fa6058e4ecffc2de73e742bd2a\kotlin-daemon-embeddable-1.6.10.jar;C:\Users\steph\.gradle\caches\modules-2\files-2.1\org.jetbrains.intellij.deps\trove4j\1.0.20181211\216c2e14b070f334479d800987affe4054cd563f\trove4j-1.0.20181211.jar;C:\Users\steph\.gradle\caches\modules-2\files-2.1\net.java.dev.jna\jna\5.6.0\330f2244e9030119ab3030fc3fededc86713d9cc\jna-5.6.0.jar;C:\Users\steph\.gradle\caches\modules-2\files-2.1\org.jetbrains\annotations\13.0\919f0dfe192fb4e063e7dacadee7f8bb9a2672a9\annotations-13.0.jar;C:\Users\steph\.gradle\caches\modules-2\files-2.1\org.jetbrains.kotlin\kotlin-stdlib-common\1.6.10\c118700e3a33c8a0d9adc920e9dec0831171925\kotlin-stdlib-common-1.6.10.jar
Launcher Type: SUN_STANDARD

[Global flags]
     intx CICompilerCount                          = 4                                         {product} {ergonomic}
     uint ConcGCThreads                            = 3                                         {product} {ergonomic}
     uint G1ConcRefinementThreads                  = 10                                        {product} {ergonomic}
   size_t G1HeapRegionSize                         = 1048576                                   {product} {ergonomic}
    uintx GCDrainStackTargetSize                   = 64                                        {product} {ergonomic}
   size_t InitialHeapSize                          = 132120576                                 {product} {ergonomic}
   size_t MarkStackSize                            = 4194304                                   {product} {ergonomic}
   size_t MaxHeapSize                              = 2082471936                                {product} {ergonomic}
   size_t MinHeapDeltaBytes                        = 1048576                                   {product} {ergonomic}
    uintx NonNMethodCodeHeapSize                   = 5836300                                {pd product} {ergonomic}
    uintx NonProfiledCodeHeapSize                  = 122910970                              {pd product} {ergonomic}
    uintx ProfiledCodeHeapSize                     = 122910970                              {pd product} {ergonomic}
    uintx ReservedCodeCacheSize                    = 251658240                              {pd product} {ergonomic}
     bool SegmentedCodeCache                       = true                                      {product} {ergonomic}
     bool UseCompressedClassPointers               = true                                 {lp64_product} {ergonomic}
     bool UseCompressedOops                        = true                                 {lp64_product} {ergonomic}
     bool UseG1GC                                  = true                                      {product} {ergonomic}
     bool UseLargePagesIndividualAllocation        = false                                  {pd product} {ergonomic}

Logging:
Log output configuration:
 #0: stdout all=warning uptime,level,tags
 #1: stderr all=off uptime,level,tags

Environment Variables:
JAVA_HOME=C:\Users\steph\OneDrive\πŸ≈¡ »≠∏È\yunjo Han\java-se-8u41-ri\
PATH=C:\Windows\system32;C:\Windows;C:\Windows\System32\Wbem;C:\Windows\System32\WindowsPowerShell\v1.0\;C:\Windows\System32\OpenSSH\;C:\Program Files\dotnet\;C:\Users\steph\OneDrive\πŸ≈¡ »≠∏È\yunjo Han\java-se-8u41-ri\bin;C:\Users\steph\AppData\Local\Microsoft\WindowsApps;C:\Users\steph\AppData\Local\Programs\Microsoft VS Code\bin;C:\Users\steph\AppData\Local\GitHubDesktop\bin
USERNAME=steph
OS=Windows_NT
PROCESSOR_IDENTIFIER=Intel64 Family 6 Model 165 Stepping 3, GenuineIntel



---------------  S Y S T E M  ---------------

OS: Windows 10 , 64 bit Build 19041 (10.0.19041.1741)
OS uptime: 5 days 12:27 hours

CPU:total 12 (initial active 12) (6 cores per cpu, 2 threads per core) family 6 model 165 stepping 3 microcode 0xea, cmov, cx8, fxsr, mmx, sse, sse2, sse3, ssse3, sse4.1, sse4.2, popcnt, avx, avx2, aes, clmul, erms, 3dnowpref, lzcnt, ht, tsc, tscinvbit, bmi1, bmi2, adx, fma

Memory: 4k page, system-wide physical 7938M (429M free)
TotalPageFile size 32514M (AvailPageFile size 65M)
current process WorkingSet (physical memory assigned to process): 10M, peak: 10M
current process commit charge ("private bytes"): 64M, peak: 189M

vm_info: OpenJDK 64-Bit Server VM (11.0.12+7-b1504.28-7817840) for windows-amd64 JRE (11.0.12+7-b1504.28-7817840), built on Oct 13 2021 22:12:33 by "builder" with MS VC++ 14.0 (VS2015)

END.
